<?xml version="1.0" encoding="UTF-8"?>
<testng-results ignored="0" total="5" passed="5" failed="0" skipped="0">
  <reporter-output>
  </reporter-output>
  <suite started-at="2024-08-02T20:06:51 IST" name="Default suite" finished-at="2024-08-02T20:07:32 IST" duration-ms="40706">
    <groups>
    </groups>
    <test started-at="2024-08-02T20:06:51 IST" name="Default test" finished-at="2024-08-02T20:07:32 IST" duration-ms="40706">
      <class name="com.tutorialsninja.qa.testcases.Login">
        <test-method is-config="true" signature="setup()[pri:0, instance:com.tutorialsninja.qa.testcases.Login@4efbca5a]" started-at="2024-08-02T20:06:51 IST" name="setup" finished-at="2024-08-02T20:06:59 IST" duration-ms="7300" status="PASS">
          <reporter-output>
          </reporter-output>
        </test-method> <!-- setup -->
        <test-method signature="verifyLoginWithValidCredentials()[pri:1, instance:com.tutorialsninja.qa.testcases.Login@4efbca5a]" started-at="2024-08-02T20:06:59 IST" name="verifyLoginWithValidCredentials" finished-at="2024-08-02T20:07:00 IST" duration-ms="915" status="PASS">
          <reporter-output>
          </reporter-output>
        </test-method> <!-- verifyLoginWithValidCredentials -->
        <test-method is-config="true" signature="tearDown()[pri:0, instance:com.tutorialsninja.qa.testcases.Login@4efbca5a]" started-at="2024-08-02T20:07:00 IST" name="tearDown" finished-at="2024-08-02T20:07:01 IST" duration-ms="912" status="PASS">
          <reporter-output>
          </reporter-output>
        </test-method> <!-- tearDown -->
        <test-method is-config="true" signature="setup()[pri:0, instance:com.tutorialsninja.qa.testcases.Login@4efbca5a]" started-at="2024-08-02T20:07:01 IST" name="setup" finished-at="2024-08-02T20:07:07 IST" duration-ms="6552" status="PASS">
          <reporter-output>
          </reporter-output>
        </test-method> <!-- setup -->
        <test-method signature="verifyLoginWithInvalidCredentials()[pri:2, instance:com.tutorialsninja.qa.testcases.Login@4efbca5a]" started-at="2024-08-02T20:07:07 IST" name="verifyLoginWithInvalidCredentials" finished-at="2024-08-02T20:07:08 IST" duration-ms="803" status="PASS">
          <reporter-output>
          </reporter-output>
        </test-method> <!-- verifyLoginWithInvalidCredentials -->
        <test-method is-config="true" signature="tearDown()[pri:0, instance:com.tutorialsninja.qa.testcases.Login@4efbca5a]" started-at="2024-08-02T20:07:08 IST" name="tearDown" finished-at="2024-08-02T20:07:09 IST" duration-ms="880" status="PASS">
          <reporter-output>
          </reporter-output>
        </test-method> <!-- tearDown -->
        <test-method is-config="true" signature="setup()[pri:0, instance:com.tutorialsninja.qa.testcases.Login@4efbca5a]" started-at="2024-08-02T20:07:09 IST" name="setup" finished-at="2024-08-02T20:07:15 IST" duration-ms="6292" status="PASS">
          <reporter-output>
          </reporter-output>
        </test-method> <!-- setup -->
        <test-method signature="verifyLoginWithInvalidEmailAndValidPassword()[pri:3, instance:com.tutorialsninja.qa.testcases.Login@4efbca5a]" started-at="2024-08-02T20:07:15 IST" name="verifyLoginWithInvalidEmailAndValidPassword" finished-at="2024-08-02T20:07:16 IST" duration-ms="685" status="PASS">
          <reporter-output>
          </reporter-output>
        </test-method> <!-- verifyLoginWithInvalidEmailAndValidPassword -->
        <test-method is-config="true" signature="tearDown()[pri:0, instance:com.tutorialsninja.qa.testcases.Login@4efbca5a]" started-at="2024-08-02T20:07:16 IST" name="tearDown" finished-at="2024-08-02T20:07:17 IST" duration-ms="809" status="PASS">
          <reporter-output>
          </reporter-output>
        </test-method> <!-- tearDown -->
        <test-method is-config="true" signature="setup()[pri:0, instance:com.tutorialsninja.qa.testcases.Login@4efbca5a]" started-at="2024-08-02T20:07:17 IST" name="setup" finished-at="2024-08-02T20:07:24 IST" duration-ms="6923" status="PASS">
          <reporter-output>
          </reporter-output>
        </test-method> <!-- setup -->
        <test-method signature="verifyLoginWithValidEmailAndInvalidPassword()[pri:4, instance:com.tutorialsninja.qa.testcases.Login@4efbca5a]" started-at="2024-08-02T20:07:24 IST" name="verifyLoginWithValidEmailAndInvalidPassword" finished-at="2024-08-02T20:07:24 IST" duration-ms="606" status="PASS">
          <reporter-output>
          </reporter-output>
        </test-method> <!-- verifyLoginWithValidEmailAndInvalidPassword -->
        <test-method is-config="true" signature="tearDown()[pri:0, instance:com.tutorialsninja.qa.testcases.Login@4efbca5a]" started-at="2024-08-02T20:07:24 IST" name="tearDown" finished-at="2024-08-02T20:07:25 IST" duration-ms="813" status="PASS">
          <reporter-output>
          </reporter-output>
        </test-method> <!-- tearDown -->
        <test-method is-config="true" signature="setup()[pri:0, instance:com.tutorialsninja.qa.testcases.Login@4efbca5a]" started-at="2024-08-02T20:07:25 IST" name="setup" finished-at="2024-08-02T20:07:31 IST" duration-ms="5738" status="PASS">
          <reporter-output>
          </reporter-output>
        </test-method> <!-- setup -->
        <test-method signature="verifyLoginWithoutProvidingCredentials()[pri:5, instance:com.tutorialsninja.qa.testcases.Login@4efbca5a]" started-at="2024-08-02T20:07:31 IST" name="verifyLoginWithoutProvidingCredentials" finished-at="2024-08-02T20:07:31 IST" duration-ms="529" status="PASS">
          <reporter-output>
          </reporter-output>
        </test-method> <!-- verifyLoginWithoutProvidingCredentials -->
        <test-method is-config="true" signature="tearDown()[pri:0, instance:com.tutorialsninja.qa.testcases.Login@4efbca5a]" started-at="2024-08-02T20:07:31 IST" name="tearDown" finished-at="2024-08-02T20:07:32 IST" duration-ms="898" status="PASS">
          <reporter-output>
          </reporter-output>
        </test-method> <!-- tearDown -->
      </class> <!-- com.tutorialsninja.qa.testcases.Login -->
    </test> <!-- Default test -->
  </suite> <!-- Default suite -->
</testng-results>
